  viewer.cpp
c:\users\100515147\desktop\advanced computer graphics\assignments\assignment 1\lab 2\lab 2\viewer.cpp(196): warning C4244: '+=': conversion from 'double' to 'GLfloat', possible loss of data
c:\users\100515147\desktop\advanced computer graphics\assignments\assignment 1\lab 2\lab 2\viewer.cpp(200): warning C4244: '+=': conversion from 'double' to 'GLfloat', possible loss of data
c:\users\100515147\desktop\advanced computer graphics\assignments\assignment 1\lab 2\lab 2\viewer.cpp(238): warning C4244: '=': conversion from 'int' to 'GLfloat', possible loss of data
c:\users\100515147\desktop\advanced computer graphics\assignments\assignment 1\lab 2\lab 2\viewer.cpp(240): warning C4244: '=': conversion from 'int' to 'GLfloat', possible loss of data
c:\users\100515147\desktop\advanced computer graphics\assignments\assignment 1\lab 2\lab 2\viewer.cpp(381): warning C4312: 'type cast': conversion from 'int' to 'void *' of greater size
c:\users\100515147\desktop\advanced computer graphics\assignments\assignment 1\lab 2\lab 2\viewer.cpp(394): warning C4244: 'initializing': conversion from 'double' to 'float', possible loss of data
c:\users\100515147\desktop\advanced computer graphics\assignments\assignment 1\lab 2\lab 2\viewer.cpp(422): warning C4305: 'argument': truncation from 'double' to 'GLfloat'
c:\users\100515147\desktop\advanced computer graphics\assignments\assignment 1\lab 2\lab 2\viewer.cpp(428): warning C4305: 'argument': truncation from 'double' to 'GLfloat'
c:\users\100515147\desktop\advanced computer graphics\assignments\assignment 1\lab 2\lab 2\viewer.cpp(462): warning C4244: '=': conversion from 'int' to 'GLfloat', possible loss of data
c:\users\100515147\desktop\advanced computer graphics\assignments\assignment 1\lab 2\lab 2\viewer.cpp(463): warning C4244: '=': conversion from 'int' to 'GLfloat', possible loss of data
c:\users\100515147\desktop\advanced computer graphics\assignments\assignment 1\lab 2\lab 2\viewer.cpp(469): warning C4244: '=': conversion from 'int' to 'GLfloat', possible loss of data
c:\users\100515147\desktop\advanced computer graphics\assignments\assignment 1\lab 2\lab 2\viewer.cpp(470): warning C4244: '=': conversion from 'int' to 'GLfloat', possible loss of data
c:\users\100515147\desktop\advanced computer graphics\assignments\assignment 1\lab 2\lab 2\viewer.cpp(472): warning C4305: 'initializing': truncation from 'double' to 'GLfloat'
c:\users\100515147\desktop\advanced computer graphics\assignments\assignment 1\lab 2\lab 2\viewer.cpp(501): warning C4101: 'fragment': unreferenced local variable
c:\users\100515147\desktop\advanced computer graphics\assignments\assignment 1\lab 2\lab 2\viewer.cpp(502): warning C4101: 'vertex': unreferenced local variable
c:\users\100515147\desktop\advanced computer graphics\assignments\assignment 1\lab 2\lab 2\viewer.cpp(500): warning C4101: 'fragmentName': unreferenced local variable
c:\users\100515147\desktop\advanced computer graphics\assignments\assignment 1\lab 2\lab 2\viewer.cpp(499): warning C4101: 'vertexName': unreferenced local variable
c:\users\100515147\desktop\advanced computer graphics\assignments\assignment 1\lab 2\lab 2\viewer.cpp(497): warning C4101: 'user': unreferenced local variable
  Lab 2.vcxproj -> C:\Users\100515147\Desktop\Advanced Computer Graphics\Assignments\Assignment 1\Lab 2\x64\Debug\Lab 2.exe
  Lab 2.vcxproj -> C:\Users\100515147\Desktop\Advanced Computer Graphics\Assignments\Assignment 1\Lab 2\x64\Debug\Lab 2.pdb (Full PDB)
